     4 ADDTBL    Added table 'menus.tbl' as 'menus'
     5 ACTIVETBL Active table is now 'menus'
     7 HDR       Header size is now $50200
     8 JMP       ROM Position is now $5D97E with max bound of $5DF2F
    14 W16       ScriptPos $5D97E PointerPos $5D862 PointerValue $D77E
Biraku[X]
    20 W16       ScriptPos $5D98C PointerPos $5D864 PointerValue $D78C
    26 W16       ScriptPos $5D98C PointerPos $5D866 PointerValue $D78C
Biraku[X]
    32 W16       ScriptPos $5D99A PointerPos $5D868 PointerValue $D79A
Biraku[X]
    38 W16       ScriptPos $5D9A4 PointerPos $5D86A PointerValue $D7A4
Biraku[X]
    44 W16       ScriptPos $5D9AE PointerPos $5D86C PointerValue $D7AE
Biraku[X]
    50 W16       ScriptPos $5D9B8 PointerPos $5D86E PointerValue $D7B8
Biraku[X]
    56 W16       ScriptPos $5D9C6 PointerPos $5D870 PointerValue $D7C6
Biraku[X]
    62 W16       ScriptPos $5D9D6 PointerPos $5D872 PointerValue $D7D6
Biraku[X]
    68 W16       ScriptPos $5D9E0 PointerPos $5D874 PointerValue $D7E0
Biraku[X]
    74 W16       ScriptPos $5D9EA PointerPos $5D876 PointerValue $D7EA
Biraku[X]
    80 W16       ScriptPos $5D9F4 PointerPos $5D878 PointerValue $D7F4
Biraku[X]
    86 W16       ScriptPos $5DA00 PointerPos $5D87A PointerValue $D800
Biraku[X]
    92 W16       ScriptPos $5DA0E PointerPos $5D87C PointerValue $D80E
Biraku[X]
    98 W16       ScriptPos $5DA1A PointerPos $5D87E PointerValue $D81A
Biraku[X]
   104 W16       ScriptPos $5DA26 PointerPos $5D880 PointerValue $D826
   110 W16       ScriptPos $5DA26 PointerPos $5D882 PointerValue $D826
Biraku[X]
   116 W16       ScriptPos $5DA30 PointerPos $5D884 PointerValue $D830
Biraku[X]
   122 W16       ScriptPos $5DA3E PointerPos $5D886 PointerValue $D83E
Biraku[X]
   128 W16       ScriptPos $5DA4E PointerPos $5D888 PointerValue $D84E
Biraku[X]
   134 W16       ScriptPos $5DA5C PointerPos $5D88A PointerValue $D85C
Biraku[X]
   140 W16       ScriptPos $5DA66 PointerPos $5D88C PointerValue $D866
Biraku[X]
   146 W16       ScriptPos $5DA74 PointerPos $5D88E PointerValue $D874
Biraku[X]
   152 W16       ScriptPos $5DA80 PointerPos $5D890 PointerValue $D880
Biraku[X]
   158 W16       ScriptPos $5DA8C PointerPos $5D892 PointerValue $D88C
Biraku[X]
   164 W16       ScriptPos $5DA9A PointerPos $5D894 PointerValue $D89A
Biraku[X]
   170 W16       ScriptPos $5DAA8 PointerPos $5D896 PointerValue $D8A8
Biraku[X]
   176 W16       ScriptPos $5DAB4 PointerPos $5D898 PointerValue $D8B4
Biraku[X]
   182 W16       ScriptPos $5DAC0 PointerPos $5D89A PointerValue $D8C0
   188 W16       ScriptPos $5DAC0 PointerPos $5D89C PointerValue $D8C0
Biraku[X]
   194 W16       ScriptPos $5DACC PointerPos $5D89E PointerValue $D8CC
Biraku[X]
   200 W16       ScriptPos $5DADC PointerPos $5D8A0 PointerValue $D8DC
Biraku[X]
   206 W16       ScriptPos $5DAE8 PointerPos $5D8A2 PointerValue $D8E8
Biraku[X]
   212 W16       ScriptPos $5DAF6 PointerPos $5D8A4 PointerValue $D8F6
Biraku[X]
   218 W16       ScriptPos $5DB02 PointerPos $5D8A6 PointerValue $D902
Biraku[X]
   224 W16       ScriptPos $5DB14 PointerPos $5D8A8 PointerValue $D914
Biraku[X]
   230 W16       ScriptPos $5DB22 PointerPos $5D8AA PointerValue $D922
Biraku[X]
   236 W16       ScriptPos $5DB2A PointerPos $5D8AC PointerValue $D92A
Biraku[X]
   242 W16       ScriptPos $5DB34 PointerPos $5D8AE PointerValue $D934
Biraku[X]
   248 W16       ScriptPos $5DB42 PointerPos $5D8B0 PointerValue $D942
Biraku[X]
   254 W16       ScriptPos $5DB4C PointerPos $5D8B2 PointerValue $D94C
Biraku[X]
   260 W16       ScriptPos $5DB5A PointerPos $5D8B4 PointerValue $D95A
Biraku[X]
   266 W16       ScriptPos $5DB68 PointerPos $5D8B6 PointerValue $D968
   272 W16       ScriptPos $5DB68 PointerPos $5D8B8 PointerValue $D968
Biraku[X]
   278 W16       ScriptPos $5DB76 PointerPos $5D8BA PointerValue $D976
Biraku[X]
   284 W16       ScriptPos $5DB84 PointerPos $5D8BC PointerValue $D984
Biraku[X]
   290 W16       ScriptPos $5DB90 PointerPos $5D8BE PointerValue $D990
Biraku[X]
   296 W16       ScriptPos $5DB9A PointerPos $5D8C0 PointerValue $D99A
   302 W16       ScriptPos $5DB9A PointerPos $5D8C2 PointerValue $D99A
Biraku[X]
   308 W16       ScriptPos $5DBA6 PointerPos $5D8C4 PointerValue $D9A6
Biraku[X]
   314 W16       ScriptPos $5DBB8 PointerPos $5D8C6 PointerValue $D9B8
Biraku[X]
   320 W16       ScriptPos $5DBC4 PointerPos $5D8C8 PointerValue $D9C4
Biraku[X]
   326 W16       ScriptPos $5DBCE PointerPos $5D8CA PointerValue $D9CE
Biraku[X]
   332 W16       ScriptPos $5DBDC PointerPos $5D8CC PointerValue $D9DC
Biraku[X]
   338 W16       ScriptPos $5DBE6 PointerPos $5D8CE PointerValue $D9E6
Biraku[X]
   344 W16       ScriptPos $5DBF4 PointerPos $5D8D0 PointerValue $D9F4
Biraku[X]
   350 W16       ScriptPos $5DC00 PointerPos $5D8D2 PointerValue $DA00
Biraku[X]
   356 W16       ScriptPos $5DC0C PointerPos $5D8D4 PointerValue $DA0C
Biraku[X]
   362 W16       ScriptPos $5DC1C PointerPos $5D8D6 PointerValue $DA1C
Biraku[X]
   368 W16       ScriptPos $5DC28 PointerPos $5D8D8 PointerValue $DA28
Biraku[X]
   374 W16       ScriptPos $5DC34 PointerPos $5D8DA PointerValue $DA34
Biraku[X]
   380 W16       ScriptPos $5DC42 PointerPos $5D8DC PointerValue $DA42
Biraku[X]
   386 W16       ScriptPos $5DC50 PointerPos $5D8DE PointerValue $DA50
Biraku[X]
   392 W16       ScriptPos $5DC60 PointerPos $5D8E0 PointerValue $DA60
Biraku[X]
   398 W16       ScriptPos $5DC6C PointerPos $5D8E2 PointerValue $DA6C
Biraku[X]
   404 W16       ScriptPos $5DC7A PointerPos $5D8E4 PointerValue $DA7A
Biraku[X]
   410 W16       ScriptPos $5DC88 PointerPos $5D8E6 PointerValue $DA88
Biraku[X]
   416 W16       ScriptPos $5DC98 PointerPos $5D8E8 PointerValue $DA98
Biraku[X]
   422 W16       ScriptPos $5DCA6 PointerPos $5D8EA PointerValue $DAA6
Biraku[X]
   428 W16       ScriptPos $5DCB0 PointerPos $5D8EC PointerValue $DAB0
Biraku[X]
   434 W16       ScriptPos $5DCBC PointerPos $5D8EE PointerValue $DABC
Biraku[X]
   440 W16       ScriptPos $5DCCC PointerPos $5D8F0 PointerValue $DACC
Biraku[X]
   446 W16       ScriptPos $5DCDE PointerPos $5D8F2 PointerValue $DADE
Biraku[X]
   452 W16       ScriptPos $5DCEA PointerPos $5D8F4 PointerValue $DAEA
Biraku[X]
   458 W16       ScriptPos $5DCF6 PointerPos $5D8F6 PointerValue $DAF6
Biraku[X]
   464 W16       ScriptPos $5DD04 PointerPos $5D8F8 PointerValue $DB04
Biraku[X]
   470 W16       ScriptPos $5DD10 PointerPos $5D8FA PointerValue $DB10
Biraku[X]
   476 W16       ScriptPos $5DD20 PointerPos $5D8FC PointerValue $DB20
Biraku[X]
   482 W16       ScriptPos $5DD2C PointerPos $5D8FE PointerValue $DB2C
   483 W16       ScriptPos $5DD2C PointerPos $5D922 PointerValue $DB2C
Biraku[X]
   489 W16       ScriptPos $5DD3A PointerPos $5D900 PointerValue $DB3A
Biraku[X]
   495 W16       ScriptPos $5DD4A PointerPos $5D902 PointerValue $DB4A
Biraku[X]
   501 W16       ScriptPos $5DD58 PointerPos $5D904 PointerValue $DB58
Biraku[X]
   507 W16       ScriptPos $5DD60 PointerPos $5D906 PointerValue $DB60
Biraku[X]
   513 W16       ScriptPos $5DD6E PointerPos $5D908 PointerValue $DB6E
Biraku[X]
   519 W16       ScriptPos $5DD7C PointerPos $5D90A PointerValue $DB7C
Biraku[X]
   525 W16       ScriptPos $5DD8C PointerPos $5D90C PointerValue $DB8C
Biraku[X]
   531 W16       ScriptPos $5DD9C PointerPos $5D90E PointerValue $DB9C
Biraku[X]
   543 W16       ScriptPos $5DDAA PointerPos $5D912 PointerValue $DBAA
Biraku[X]
   549 W16       ScriptPos $5DDB6 PointerPos $5D914 PointerValue $DBB6
Biraku[X]
   561 W16       ScriptPos $5DDC6 PointerPos $5D918 PointerValue $DBC6
Biraku[X]
   567 W16       ScriptPos $5DDD6 PointerPos $5D91A PointerValue $DBD6
Biraku[X]
   573 W16       ScriptPos $5DDE0 PointerPos $5D91C PointerValue $DBE0
Biraku[X]
   579 W16       ScriptPos $5DDF2 PointerPos $5D91E PointerValue $DBF2
Biraku[X]
   585 W16       ScriptPos $5DE02 PointerPos $5D920 PointerValue $DC02
Biraku[X]
   591 W16       ScriptPos $5DE12 PointerPos $5D924 PointerValue $DC12
Biraku[X]
   597 W16       ScriptPos $5DE1E PointerPos $5D926 PointerValue $DC1E
Biraku[X]
   603 W16       ScriptPos $5DE28 PointerPos $5D928 PointerValue $DC28
Biraku[X]
   609 W16       ScriptPos $5DE32 PointerPos $5D92A PointerValue $DC32
Biraku[X]
   615 W16       ScriptPos $5DE3C PointerPos $5D92C PointerValue $DC3C
Biraku[X]
   621 W16       ScriptPos $5DE4A PointerPos $5D92E PointerValue $DC4A
Biraku[X]
   629 W16       ScriptPos $5DE5A PointerPos $5D930 PointerValue $DC5A
Biraku[X]
   635 W16       ScriptPos $5DE66 PointerPos $5D932 PointerValue $DC66
Biraku[X]
   641 W16       ScriptPos $5DE72 PointerPos $5D934 PointerValue $DC72
Biraku[X]
   647 W16       ScriptPos $5DE80 PointerPos $5D936 PointerValue $DC80
   653 W16       ScriptPos $5DE80 PointerPos $5D938 PointerValue $DC80
   659 W16       ScriptPos $5DE80 PointerPos $5D93A PointerValue $DC80
Biraku[X]
   665 W16       ScriptPos $5DE8A PointerPos $5D93C PointerValue $DC8A
Biraku[X]
   671 W16       ScriptPos $5DE98 PointerPos $5D93E PointerValue $DC98
   677 W16       ScriptPos $5DE98 PointerPos $5D940 PointerValue $DC98
Biraku[X]
   683 W16       ScriptPos $5DEA4 PointerPos $5D942 PointerValue $DCA4
Biraku[X]
   689 W16       ScriptPos $5DEB0 PointerPos $5D944 PointerValue $DCB0
Biraku[X]
   695 W16       ScriptPos $5DEBA PointerPos $5D946 PointerValue $DCBA
   701 W16       ScriptPos $5DEBA PointerPos $5D948 PointerValue $DCBA
Biraku[X]
   707 W16       ScriptPos $5DEC4 PointerPos $5D94A PointerValue $DCC4
Biraku[X]
   713 W16       ScriptPos $5DED0 PointerPos $5D94C PointerValue $DCD0
Biraku[X]
   719 W16       ScriptPos $5DEDC PointerPos $5D94E PointerValue $DCDC
Biraku[X]
   724 JMP       ROM Position is now $5DF8B with max bound of $5E157
   730 W16       ScriptPos $5DF8B PointerPos $5DF30 PointerValue $DD8B
Biraku[X]
   736 W16       ScriptPos $5DF95 PointerPos $5DF32 PointerValue $DD95
Biraku[X]
   742 W16       ScriptPos $5DFA5 PointerPos $5DF34 PointerValue $DDA5
Biraku[X]
   748 W16       ScriptPos $5DFB5 PointerPos $5DF36 PointerValue $DDB5
Biraku[X]
   754 W16       ScriptPos $5DFC7 PointerPos $5DF38 PointerValue $DDC7
Biraku[X]
   760 W16       ScriptPos $5DFD7 PointerPos $5DF3A PointerValue $DDD7
   761 W16       ScriptPos $5DFD7 PointerPos $5DF3C PointerValue $DDD7
Biraku[X]
   767 W16       ScriptPos $5DFE5 PointerPos $5DF3E PointerValue $DDE5
Biraku[X]
   773 W16       ScriptPos $5DFF3 PointerPos $5DF40 PointerValue $DDF3
Biraku[X]
   779 W16       ScriptPos $5E003 PointerPos $5DF42 PointerValue $DE03
   780 W16       ScriptPos $5E003 PointerPos $5D916 PointerValue $DE03
Biraku[X]
   786 W16       ScriptPos $5E013 PointerPos $5DF44 PointerValue $DE13
   787 W16       ScriptPos $5E013 PointerPos $5D910 PointerValue $DE13
Biraku[X]
   793 W16       ScriptPos $5E021 PointerPos $5DF46 PointerValue $DE21
Biraku[X]
   799 W16       ScriptPos $5E02F PointerPos $5DF48 PointerValue $DE2F
Biraku[X]
   805 W16       ScriptPos $5E03D PointerPos $5DF4A PointerValue $DE3D
Biraku[X]
   811 W16       ScriptPos $5E04B PointerPos $5DF4C PointerValue $DE4B
Biraku[X]
   817 W16       ScriptPos $5E05D PointerPos $5DF4E PointerValue $DE5D
   818 W16       ScriptPos $5E05D PointerPos $5DF68 PointerValue $DE5D
Biraku[X]
   824 W16       ScriptPos $5E06D PointerPos $5DF50 PointerValue $DE6D
   825 W16       ScriptPos $5E06D PointerPos $5D95A PointerValue $DE6D
Biraku[X]
   831 W16       ScriptPos $5E07F PointerPos $5DF52 PointerValue $DE7F
Biraku[X]
   837 W16       ScriptPos $5E089 PointerPos $5DF54 PointerValue $DE89
Biraku[X]
   843 W16       ScriptPos $5E093 PointerPos $5DF56 PointerValue $DE93
Biraku[X]
   849 W16       ScriptPos $5E09F PointerPos $5DF58 PointerValue $DE9F
Biraku[X]
   855 W16       ScriptPos $5E0B1 PointerPos $5DF5A PointerValue $DEB1
Biraku[X]
   861 W16       ScriptPos $5E0C1 PointerPos $5DF5C PointerValue $DEC1
Biraku[X]
   867 W16       ScriptPos $5E0CF PointerPos $5DF5E PointerValue $DECF
   868 W16       ScriptPos $5E0CF PointerPos $5DF62 PointerValue $DECF
Biraku[X]
   874 W16       ScriptPos $5E0D9 PointerPos $5DF60 PointerValue $DED9
   875 W16       ScriptPos $5E0D9 PointerPos $5DF64 PointerValue $DED9
   876 W16       ScriptPos $5E0D9 PointerPos $5DF66 PointerValue $DED9
Biraku[X]
   882 W16       ScriptPos $5E0E7 PointerPos $5DF6A PointerValue $DEE7
Biraku[X]
   888 W16       ScriptPos $5E0F7 PointerPos $5DF6C PointerValue $DEF7
Biraku[X]
   894 W16       ScriptPos $5E105 PointerPos $5DF6E PointerValue $DF05
Biraku[X]
   900 W16       ScriptPos $5E117 PointerPos $5DF70 PointerValue $DF17
Biraku[X]
   906 W16       ScriptPos $5E129 PointerPos $5DF72 PointerValue $DF29
   912 W16       ScriptPos $5E129 PointerPos $5DF74 PointerValue $DF29
Biraku[X]
   918 W16       ScriptPos $5E13B PointerPos $5DF76 PointerValue $DF3B
Biraku[X]
   923 JMP       ROM Position is now $5E256 with max bound of $5E923
   927 W16       ScriptPos $5E256 PointerPos $5E158 PointerValue $E056
   928 W16       ScriptPos $5E256 PointerPos $5E176 PointerValue $E056
   929 W16       ScriptPos $5E256 PointerPos $5E188 PointerValue $E056
   930 W16       ScriptPos $5E256 PointerPos $5E194 PointerValue $E056
Biraku[X]
   935 W16       ScriptPos $5E260 PointerPos $5E15A PointerValue $E060
   936 W16       ScriptPos $5E260 PointerPos $5E178 PointerValue $E060
   937 W16       ScriptPos $5E260 PointerPos $5E18C PointerValue $E060
   938 W16       ScriptPos $5E260 PointerPos $5E196 PointerValue $E060
Biraku[X]
   944 W16       ScriptPos $5E26C PointerPos $5E15C PointerValue $E06C
   945 W16       ScriptPos $5E26C PointerPos $5E17A PointerValue $E06C
   946 W16       ScriptPos $5E26C PointerPos $5E18E PointerValue $E06C
   947 W16       ScriptPos $5E26C PointerPos $5E19A PointerValue $E06C
   948 W16       ScriptPos $5E26C PointerPos $5E24C PointerValue $E06C
   949 W16       ScriptPos $5E26C PointerPos $5E24E PointerValue $E06C
Biraku[X]
   955 W16       ScriptPos $5E27A PointerPos $5E15E PointerValue $E07A
Biraku[X]
   961 W16       ScriptPos $5E28A PointerPos $5E160 PointerValue $E08A
   962 W16       ScriptPos $5E28A PointerPos $5E182 PointerValue $E08A
   963 W16       ScriptPos $5E28A PointerPos $5E190 PointerValue $E08A
Biraku[X]
   969 W16       ScriptPos $5E298 PointerPos $5E162 PointerValue $E098
Biraku[X]
   975 W16       ScriptPos $5E2A6 PointerPos $5E164 PointerValue $E0A6
   976 W16       ScriptPos $5E2A6 PointerPos $5E180 PointerValue $E0A6
   977 W16       ScriptPos $5E2A6 PointerPos $5E18A PointerValue $E0A6
   978 W16       ScriptPos $5E2A6 PointerPos $5E19E PointerValue $E0A6
Biraku[X]
   984 W16       ScriptPos $5E2B4 PointerPos $5E166 PointerValue $E0B4
Biraku[X]
   990 W16       ScriptPos $5E2C2 PointerPos $5E168 PointerValue $E0C2
Biraku[X]
   996 W16       ScriptPos $5E2CC PointerPos $5E16C PointerValue $E0CC
Biraku[X]
  1002 W16       ScriptPos $5E2DC PointerPos $5E16E PointerValue $E0DC
Biraku[X]
  1008 W16       ScriptPos $5E2EC PointerPos $5E170 PointerValue $E0EC
Biraku[X]
  1014 W16       ScriptPos $5E2FA PointerPos $5E172 PointerValue $E0FA
Biraku[X]
  1020 W16       ScriptPos $5E308 PointerPos $5E174 PointerValue $E108
Biraku[X]
  1027 W16       ScriptPos $5E314 PointerPos $5E17C PointerValue $E114
Biraku[X]
  1033 W16       ScriptPos $5E320 PointerPos $5E17E PointerValue $E120
Biraku[X]
  1039 W16       ScriptPos $5E330 PointerPos $5E184 PointerValue $E130
Biraku[X]
  1045 W16       ScriptPos $5E33A PointerPos $5E186 PointerValue $E13A
Biraku[X]
  1051 W16       ScriptPos $5E34A PointerPos $5E192 PointerValue $E14A
Biraku[X]
  1057 W16       ScriptPos $5E358 PointerPos $5E198 PointerValue $E158
Biraku[X]
  1063 W16       ScriptPos $5E362 PointerPos $5E19C PointerValue $E162
Biraku[X]
  1069 W16       ScriptPos $5E36E PointerPos $5E1A2 PointerValue $E16E
Biraku[X]
  1075 W16       ScriptPos $5E37A PointerPos $5E1A4 PointerValue $E17A
Biraku[X]
  1081 W16       ScriptPos $5E386 PointerPos $5E1A8 PointerValue $E186
Biraku[X]
  1087 W16       ScriptPos $5E396 PointerPos $5E1AC PointerValue $E196
  1088 W16       ScriptPos $5E396 PointerPos $5E1FA PointerValue $E196
Biraku[X]
  1093 W16       ScriptPos $5E39E PointerPos $5E1AE PointerValue $E19E
  1094 W16       ScriptPos $5E39E PointerPos $5E1D4 PointerValue $E19E
  1095 W16       ScriptPos $5E39E PointerPos $5E200 PointerValue $E19E
Biraku[X]
  1101 W16       ScriptPos $5E3A8 PointerPos $5E1B0 PointerValue $E1A8
Biraku[X]
  1106 W16       ScriptPos $5E3B2 PointerPos $5E1A6 PointerValue $E1B2
  1107 W16       ScriptPos $5E3B2 PointerPos $5E1AA PointerValue $E1B2
  1108 W16       ScriptPos $5E3B2 PointerPos $5E1B2 PointerValue $E1B2
  1109 W16       ScriptPos $5E3B2 PointerPos $5E1F6 PointerValue $E1B2
Biraku[X]
  1114 W16       ScriptPos $5E3BC PointerPos $5E16A PointerValue $E1BC
  1115 W16       ScriptPos $5E3BC PointerPos $5E1A0 PointerValue $E1BC
  1116 W16       ScriptPos $5E3BC PointerPos $5E1B4 PointerValue $E1BC
Biraku[X]
  1122 W16       ScriptPos $5E3CC PointerPos $5E1B6 PointerValue $E1CC
Biraku[X]
  1128 W16       ScriptPos $5E3DC PointerPos $5E1B8 PointerValue $E1DC
Biraku[X]
  1134 W16       ScriptPos $5E3EA PointerPos $5E1BA PointerValue $E1EA
Biraku[X]
  1140 W16       ScriptPos $5E3F8 PointerPos $5E1BC PointerValue $E1F8
Biraku[X]
  1146 W16       ScriptPos $5E406 PointerPos $5E1BE PointerValue $E206
Biraku[X]
  1152 W16       ScriptPos $5E416 PointerPos $5E1C0 PointerValue $E216
Biraku[X]
  1158 W16       ScriptPos $5E426 PointerPos $5E1C2 PointerValue $E226
Biraku[X]
  1164 W16       ScriptPos $5E430 PointerPos $5E1C4 PointerValue $E230
Biraku[X]
  1170 W16       ScriptPos $5E440 PointerPos $5E1C6 PointerValue $E240
Biraku[X]
  1176 W16       ScriptPos $5E44A PointerPos $5E1C8 PointerValue $E24A
Biraku[X]
  1182 W16       ScriptPos $5E458 PointerPos $5E1CA PointerValue $E258
Biraku[X]
  1188 W16       ScriptPos $5E466 PointerPos $5E1CC PointerValue $E266
Biraku[X]
  1194 W16       ScriptPos $5E474 PointerPos $5E1CE PointerValue $E274
Biraku[X]
  1199 W16       ScriptPos $5E47E PointerPos $5E1D0 PointerValue $E27E
  1200 W16       ScriptPos $5E47E PointerPos $5E1FE PointerValue $E27E
  1201 W16       ScriptPos $5E47E PointerPos $5E22E PointerValue $E27E
Biraku[X]
  1207 W16       ScriptPos $5E48A PointerPos $5E1D2 PointerValue $E28A
Biraku[X]
  1212 W16       ScriptPos $5E49A PointerPos $5E1D6 PointerValue $E29A
Biraku[X]
  1218 W16       ScriptPos $5E4AA PointerPos $5E1D8 PointerValue $E2AA
Biraku[X]
  1224 W16       ScriptPos $5E4B4 PointerPos $5E1DA PointerValue $E2B4
Biraku[X]
  1230 W16       ScriptPos $5E4C4 PointerPos $5E1DC PointerValue $E2C4
Biraku[X]
  1236 W16       ScriptPos $5E4D2 PointerPos $5E1DE PointerValue $E2D2
Biraku[X]
  1242 W16       ScriptPos $5E4DC PointerPos $5E1E0 PointerValue $E2DC
Biraku[X]
  1248 W16       ScriptPos $5E4E6 PointerPos $5E1E2 PointerValue $E2E6
Biraku[X]
  1254 W16       ScriptPos $5E4F6 PointerPos $5E1E4 PointerValue $E2F6
Biraku[X]
  1260 W16       ScriptPos $5E506 PointerPos $5E1E6 PointerValue $E306
Biraku[X]
  1266 W16       ScriptPos $5E516 PointerPos $5E1E8 PointerValue $E316
Biraku[X]
  1272 W16       ScriptPos $5E526 PointerPos $5E1EA PointerValue $E326
Biraku[X]
  1278 W16       ScriptPos $5E534 PointerPos $5E1EC PointerValue $E334
  1279 W16       ScriptPos $5E534 PointerPos $5E1F8 PointerValue $E334
Biraku[X]
  1285 W16       ScriptPos $5E53C PointerPos $5E1EE PointerValue $E33C
Biraku[X]
  1291 W16       ScriptPos $5E54A PointerPos $5E1F0 PointerValue $E34A
Biraku[X]
  1297 W16       ScriptPos $5E556 PointerPos $5E1F2 PointerValue $E356
Biraku[X]
  1303 W16       ScriptPos $5E562 PointerPos $5E1F4 PointerValue $E362
Biraku[X]
  1310 W16       ScriptPos $5E56E PointerPos $5E1FC PointerValue $E36E
Biraku[X]
  1316 W16       ScriptPos $5E57C PointerPos $5E202 PointerValue $E37C
Biraku[X]
  1322 W16       ScriptPos $5E58A PointerPos $5E204 PointerValue $E38A
Biraku[X]
  1328 W16       ScriptPos $5E596 PointerPos $5E206 PointerValue $E396
Biraku[X]
  1334 W16       ScriptPos $5E5A6 PointerPos $5E208 PointerValue $E3A6
Biraku[X]
  1340 W16       ScriptPos $5E5B0 PointerPos $5E20A PointerValue $E3B0
Biraku[X]
  1346 W16       ScriptPos $5E5C0 PointerPos $5E20C PointerValue $E3C0
Biraku[X]
  1352 W16       ScriptPos $5E5CE PointerPos $5E20E PointerValue $E3CE
Biraku[X]
  1358 W16       ScriptPos $5E5DA PointerPos $5E210 PointerValue $E3DA
Biraku[X]
  1364 W16       ScriptPos $5E5E6 PointerPos $5E212 PointerValue $E3E6
Biraku[X]
  1370 W16       ScriptPos $5E5F4 PointerPos $5E214 PointerValue $E3F4
Biraku[X]
  1376 W16       ScriptPos $5E602 PointerPos $5E216 PointerValue $E402
Biraku[X]
  1382 W16       ScriptPos $5E60E PointerPos $5E218 PointerValue $E40E
Biraku[X]
  1388 W16       ScriptPos $5E61E PointerPos $5E21A PointerValue $E41E
Biraku[X]
  1394 W16       ScriptPos $5E62E PointerPos $5E21C PointerValue $E42E
Biraku[X]
  1400 W16       ScriptPos $5E63E PointerPos $5E21E PointerValue $E43E
Biraku[X]
  1406 W16       ScriptPos $5E64C PointerPos $5E220 PointerValue $E44C
Biraku[X]
  1412 W16       ScriptPos $5E658 PointerPos $5E222 PointerValue $E458
Biraku[X]
  1418 W16       ScriptPos $5E664 PointerPos $5E224 PointerValue $E464
Biraku[X]
  1424 W16       ScriptPos $5E672 PointerPos $5E226 PointerValue $E472
Biraku[X]
  1430 W16       ScriptPos $5E67C PointerPos $5E228 PointerValue $E47C
Biraku[X]
  1436 W16       ScriptPos $5E68C PointerPos $5E22A PointerValue $E48C
Biraku[X]
  1442 W16       ScriptPos $5E69A PointerPos $5E22C PointerValue $E49A
Biraku[X]
  1448 W16       ScriptPos $5E6A6 PointerPos $5E230 PointerValue $E4A6
Biraku[X]
  1454 W16       ScriptPos $5E6B0 PointerPos $5E232 PointerValue $E4B0
Biraku[X]
  1460 W16       ScriptPos $5E6BA PointerPos $5E234 PointerValue $E4BA
Biraku[X]
  1466 W16       ScriptPos $5E6C8 PointerPos $5E236 PointerValue $E4C8
Biraku[X]
  1472 W16       ScriptPos $5E6D4 PointerPos $5E238 PointerValue $E4D4
Biraku[X]
  1478 W16       ScriptPos $5E6DC PointerPos $5E23A PointerValue $E4DC
Biraku[X]
  1484 W16       ScriptPos $5E6EA PointerPos $5E23C PointerValue $E4EA
Biraku[X]
  1490 W16       ScriptPos $5E6F8 PointerPos $5E23E PointerValue $E4F8
Biraku[X]
  1496 W16       ScriptPos $5E702 PointerPos $5E240 PointerValue $E502
Biraku[X]
  1502 W16       ScriptPos $5E70C PointerPos $5E242 PointerValue $E50C
Biraku[X]
  1508 W16       ScriptPos $5E71C PointerPos $5E244 PointerValue $E51C
Biraku[X]
  1514 W16       ScriptPos $5E728 PointerPos $5E246 PointerValue $E528
Biraku[X]
  1520 W16       ScriptPos $5E736 PointerPos $5E248 PointerValue $E536
Biraku[X]
  1526 W16       ScriptPos $5E746 PointerPos $5E24A PointerValue $E546
Biraku[X]
  1532 W16       ScriptPos $5E756 PointerPos $5E250 PointerValue $E556
Biraku[X]
  1538 W16       ScriptPos $5E764 PointerPos $5E252 PointerValue $E564
Biraku[X]
  1544 W16       ScriptPos $5E770 PointerPos $5E254 PointerValue $E570
Biraku[X]
  1559 W16       ScriptPos $5E77A PointerPos $5D952 PointerValue $E57A
Biraku[X]
  1565 W16       ScriptPos $5E78C PointerPos $5D954 PointerValue $E58C
Biraku[X]
  1571 W16       ScriptPos $5E79E PointerPos $5D956 PointerValue $E59E
Biraku[X]
  1577 W16       ScriptPos $5E7AC PointerPos $5D958 PointerValue $E5AC
Biraku[X]
  1595 W16       ScriptPos $5E7B8 PointerPos $5D95E PointerValue $E5B8
Biraku[X]
  1601 W16       ScriptPos $5E7CA PointerPos $5D960 PointerValue $E5CA
Biraku[X]
  1607 W16       ScriptPos $5E7D4 PointerPos $5D962 PointerValue $E5D4
Biraku[X]
  1619 W16       ScriptPos $5E7E2 PointerPos $5D966 PointerValue $E5E2
Biraku[X]
  1625 W16       ScriptPos $5E7F4 PointerPos $5D968 PointerValue $E5F4
Biraku[X]
  1631 W16       ScriptPos $5E7FE PointerPos $5D96A PointerValue $E5FE
Biraku[X]
  1637 W16       ScriptPos $5E80E PointerPos $5D96C PointerValue $E60E
Biraku[X]
  1643 W16       ScriptPos $5E81C PointerPos $5D96E PointerValue $E61C
Biraku[X]
  1649 W16       ScriptPos $5E826 PointerPos $5D970 PointerValue $E626
Biraku[X]
  1655 W16       ScriptPos $5E836 PointerPos $5D972 PointerValue $E636
Biraku[X]
  1661 W16       ScriptPos $5E848 PointerPos $5D974 PointerValue $E648
Biraku[X]
  1667 W16       ScriptPos $5E85A PointerPos $5D976 PointerValue $E65A
Biraku[X]
  1673 W16       ScriptPos $5E86A PointerPos $5D978 PointerValue $E66A
Biraku[X]
  1685 W16       ScriptPos $5E87C PointerPos $5D97C PointerValue $E67C
Biraku[X]
  1692 W16       ScriptPos $5E88C PointerPos $5DF78 PointerValue $E68C
Biraku[X]
  1698 W16       ScriptPos $5E89C PointerPos $5DF7A PointerValue $E69C
Biraku[X]
  1704 W16       ScriptPos $5E8AA PointerPos $5DF7C PointerValue $E6AA
  1705 W16       ScriptPos $5E8AA PointerPos $5D95C PointerValue $E6AA
Biraku[X]
  1711 W16       ScriptPos $5E8BC PointerPos $5DF7E PointerValue $E6BC
  1717 W16       ScriptPos $5E8BC PointerPos $5DF80 PointerValue $E6BC
  1718 W16       ScriptPos $5E8BC PointerPos $5D950 PointerValue $E6BC
Biraku[X]
  1724 W16       ScriptPos $5E8CE PointerPos $5DF82 PointerValue $E6CE
  1725 W16       ScriptPos $5E8CE PointerPos $5D964 PointerValue $E6CE
Biraku[X]
  1731 W16       ScriptPos $5E8E0 PointerPos $5DF84 PointerValue $E6E0
Biraku[X]
  1737 W16       ScriptPos $5E8F2 PointerPos $5DF86 PointerValue $E6F2
Biraku[X]
  1743 W16       ScriptPos $5E904 PointerPos $5DF88 PointerValue $E704
  1744 W16       ScriptPos $5E904 PointerPos $5D97A PointerValue $E704
Biraku[X]
  1748 JMP       ROM Position is now $5AF52 with max bound of $5B093
  1754 W16       ScriptPos $5AF52 PointerPos $5AF32 PointerValue $AD52
Biraku[X]
  1761 W16       ScriptPos $5AF6E PointerPos $5AF34 PointerValue $AD6E
Biraku[X]
  1772 W16       ScriptPos $5AF9E PointerPos $5AF36 PointerValue $AD9E
Biraku[X]
  1784 W16       ScriptPos $5AFE4 PointerPos $5AF38 PointerValue $ADE4
Biraku[X]
  1791 W16       ScriptPos $5B004 PointerPos $5AF3A PointerValue $AE04
Biraku[X]
  1797 W16       ScriptPos $5B010 PointerPos $5AF3C PointerValue $AE10
Biraku[X]
  1803 W16       ScriptPos $5B01C PointerPos $5AF3E PointerValue $AE1C
Biraku[X]
  1809 W16       ScriptPos $5B028 PointerPos $5AF40 PointerValue $AE28
Biraku[X]
  1815 W16       ScriptPos $5B034 PointerPos $5AF42 PointerValue $AE34
Biraku[X]
  1821 W16       ScriptPos $5B040 PointerPos $5AF44 PointerValue $AE40
Biraku[X]
  1827 W16       ScriptPos $5B04C PointerPos $5AF46 PointerValue $AE4C
Biraku[X]
  1833 W16       ScriptPos $5B058 PointerPos $5AF48 PointerValue $AE58
  1839 W16       ScriptPos $5B058 PointerPos $5AF4A PointerValue $AE58
Biraku[X]
  1845 W16       ScriptPos $5B064 PointerPos $5AF4C PointerValue $AE64
Biraku[X]
  1851 W16       ScriptPos $5B070 PointerPos $5AF4E PointerValue $AE70
Biraku[X]
  1857 W16       ScriptPos $5B07C PointerPos $5AF50 PointerValue $AE7C
Biraku[X]
  1862 JMP       ROM Position is now $5AD16 with max bound of $5AF31
  1866 W16       ScriptPos $5AD16 PointerPos $5ACE6 PointerValue $AB16
Biraku[X]
  1872 W16       ScriptPos $5AD28 PointerPos $5ACE8 PointerValue $AB28
Biraku[X]
  1879 W16       ScriptPos $5AD3A PointerPos $5ACEA PointerValue $AB3A
Biraku[X]
  1886 W16       ScriptPos $5AD4C PointerPos $5ACEC PointerValue $AB4C
Biraku[X]
  1892 W16       ScriptPos $5AD5E PointerPos $5ACEE PointerValue $AB5E
Biraku[X]
  1898 W16       ScriptPos $5AD70 PointerPos $5ACF0 PointerValue $AB70
Biraku[X]
  1905 W16       ScriptPos $5AD82 PointerPos $5ACF2 PointerValue $AB82
Biraku[X]
  1911 W16       ScriptPos $5AD94 PointerPos $5ACF4 PointerValue $AB94
Biraku[X]
  1917 W16       ScriptPos $5ADA6 PointerPos $5ACF6 PointerValue $ABA6
Biraku[X]
  1924 W16       ScriptPos $5ADB8 PointerPos $5ACF8 PointerValue $ABB8
Biraku[X]
  1930 W16       ScriptPos $5ADCA PointerPos $5ACFA PointerValue $ABCA
Biraku[X]
  1937 W16       ScriptPos $5ADDC PointerPos $5ACFC PointerValue $ABDC
Biraku[X]
  1943 W16       ScriptPos $5ADEE PointerPos $5ACFE PointerValue $ABEE
Biraku[X]
  1949 W16       ScriptPos $5AE00 PointerPos $5AD00 PointerValue $AC00
Biraku[X]
  1956 W16       ScriptPos $5AE12 PointerPos $5AD02 PointerValue $AC12
Biraku[X]
  1963 W16       ScriptPos $5AE24 PointerPos $5AD04 PointerValue $AC24
Biraku[X]
  1969 W16       ScriptPos $5AE36 PointerPos $5AD06 PointerValue $AC36
Biraku[X]
  1975 W16       ScriptPos $5AE48 PointerPos $5AD08 PointerValue $AC48
Biraku[X]
  1982 W16       ScriptPos $5AE5A PointerPos $5AD0A PointerValue $AC5A
Biraku[X]
  1989 W16       ScriptPos $5AE6C PointerPos $5AD0C PointerValue $AC6C
Biraku[X]
  1995 W16       ScriptPos $5AE7E PointerPos $5AD0E PointerValue $AC7E
Biraku[X]
  2002 W16       ScriptPos $5AE90 PointerPos $5AD10 PointerValue $AC90
Biraku[X]
  2009 W16       ScriptPos $5AEA2 PointerPos $5AD12 PointerValue $ACA2
Biraku[X]
  2016 W16       ScriptPos $5AEB4 PointerPos $5AD14 PointerValue $ACB4
Biraku[X]
  2022 JMP       ROM Position is now $5A206 with max bound of $5ABBB
  2027 W16       ScriptPos $5A206 PointerPos $5A1EA PointerValue $A006
Biraku[X]
  2040 W16       ScriptPos $5A286 PointerPos $5A1EC PointerValue $A086
Biraku[X]
  2056 W16       ScriptPos $5A38C PointerPos $5A1EE PointerValue $A18C
Biraku[X]
  2064 W16       ScriptPos $5A3D4 PointerPos $5A1F0 PointerValue $A1D4
Biraku[X]
  2078 W16       ScriptPos $5A44A PointerPos $5A1F2 PointerValue $A24A
Biraku[X]
  2085 W16       ScriptPos $5A480 PointerPos $5A1F4 PointerValue $A280
Biraku[X]
  2092 W16       ScriptPos $5A4BA PointerPos $5A1F6 PointerValue $A2BA
Biraku[X]
  2100 W16       ScriptPos $5A574 PointerPos $5A1F8 PointerValue $A374
Biraku[X]
  2108 W16       ScriptPos $5A62E PointerPos $5A1FA PointerValue $A42E
Biraku[X]
  2118 W16       ScriptPos $5A714 PointerPos $5A1FC PointerValue $A514
Biraku[X]
  2130 W16       ScriptPos $5A7CA PointerPos $5A1FE PointerValue $A5CA
Biraku[X]
  2141 W16       ScriptPos $5A872 PointerPos $5A200 PointerValue $A672
Biraku[X]
  2156 W16       ScriptPos $5A95E PointerPos $5A202 PointerValue $A75E
Biraku[X]
  2172 W16       ScriptPos $5AA62 PointerPos $5A204 PointerValue $A862
Biraku[X]
  2188 JMP       ROM Position is now $5EA26 with max bound of $5F68D
  2192 W16       ScriptPos $5EA26 PointerPos $5E924 PointerValue $E826
  2193 W16       ScriptPos $5EA26 PointerPos $5E926 PointerValue $E826
  2194 W16       ScriptPos $5EA26 PointerPos $5E928 PointerValue $E826
  2195 W16       ScriptPos $5EA26 PointerPos $5E92A PointerValue $E826
  2196 W16       ScriptPos $5EA26 PointerPos $5E92C PointerValue $E826
  2197 W16       ScriptPos $5EA26 PointerPos $5E92E PointerValue $E826
  2198 W16       ScriptPos $5EA26 PointerPos $5E930 PointerValue $E826
  2199 W16       ScriptPos $5EA26 PointerPos $5E932 PointerValue $E826
  2200 W16       ScriptPos $5EA26 PointerPos $5E934 PointerValue $E826
  2201 W16       ScriptPos $5EA26 PointerPos $5E936 PointerValue $E826
  2202 W16       ScriptPos $5EA26 PointerPos $5E938 PointerValue $E826
  2203 W16       ScriptPos $5EA26 PointerPos $5E93A PointerValue $E826
  2204 W16       ScriptPos $5EA26 PointerPos $5E93C PointerValue $E826
  2205 W16       ScriptPos $5EA26 PointerPos $5E93E PointerValue $E826
  2206 W16       ScriptPos $5EA26 PointerPos $5E940 PointerValue $E826
  2207 W16       ScriptPos $5EA26 PointerPos $5E942 PointerValue $E826
  2208 W16       ScriptPos $5EA26 PointerPos $5E944 PointerValue $E826
  2209 W16       ScriptPos $5EA26 PointerPos $5E946 PointerValue $E826
  2210 W16       ScriptPos $5EA26 PointerPos $5E948 PointerValue $E826
  2211 W16       ScriptPos $5EA26 PointerPos $5E94A PointerValue $E826
  2212 W16       ScriptPos $5EA26 PointerPos $5E94C PointerValue $E826
  2213 W16       ScriptPos $5EA26 PointerPos $5E94E PointerValue $E826
  2214 W16       ScriptPos $5EA26 PointerPos $5E950 PointerValue $E826
  2215 W16       ScriptPos $5EA26 PointerPos $5E952 PointerValue $E826
  2216 W16       ScriptPos $5EA26 PointerPos $5E954 PointerValue $E826
  2217 W16       ScriptPos $5EA26 PointerPos $5E956 PointerValue $E826
  2218 W16       ScriptPos $5EA26 PointerPos $5E958 PointerValue $E826
  2219 W16       ScriptPos $5EA26 PointerPos $5E95A PointerValue $E826
  2220 W16       ScriptPos $5EA26 PointerPos $5E95C PointerValue $E826
  2221 W16       ScriptPos $5EA26 PointerPos $5E95E PointerValue $E826
  2222 W16       ScriptPos $5EA26 PointerPos $5E960 PointerValue $E826
  2223 W16       ScriptPos $5EA26 PointerPos $5E962 PointerValue $E826
  2224 W16       ScriptPos $5EA26 PointerPos $5E964 PointerValue $E826
  2225 W16       ScriptPos $5EA26 PointerPos $5E966 PointerValue $E826
  2226 W16       ScriptPos $5EA26 PointerPos $5E968 PointerValue $E826
  2227 W16       ScriptPos $5EA26 PointerPos $5E96A PointerValue $E826
  2228 W16       ScriptPos $5EA26 PointerPos $5E96C PointerValue $E826
  2229 W16       ScriptPos $5EA26 PointerPos $5E96E PointerValue $E826
  2230 W16       ScriptPos $5EA26 PointerPos $5E970 PointerValue $E826
  2231 W16       ScriptPos $5EA26 PointerPos $5E972 PointerValue $E826
  2232 W16       ScriptPos $5EA26 PointerPos $5E974 PointerValue $E826
  2233 W16       ScriptPos $5EA26 PointerPos $5E976 PointerValue $E826
  2234 W16       ScriptPos $5EA26 PointerPos $5E978 PointerValue $E826
  2235 W16       ScriptPos $5EA26 PointerPos $5E97A PointerValue $E826
  2236 W16       ScriptPos $5EA26 PointerPos $5E97C PointerValue $E826
  2237 W16       ScriptPos $5EA26 PointerPos $5E97E PointerValue $E826
  2238 W16       ScriptPos $5EA26 PointerPos $5E980 PointerValue $E826
  2239 W16       ScriptPos $5EA26 PointerPos $5E982 PointerValue $E826
  2240 W16       ScriptPos $5EA26 PointerPos $5E984 PointerValue $E826
  2241 W16       ScriptPos $5EA26 PointerPos $5E986 PointerValue $E826
  2242 W16       ScriptPos $5EA26 PointerPos $5E988 PointerValue $E826
  2243 W16       ScriptPos $5EA26 PointerPos $5E98A PointerValue $E826
  2244 W16       ScriptPos $5EA26 PointerPos $5E98C PointerValue $E826
  2245 W16       ScriptPos $5EA26 PointerPos $5E98E PointerValue $E826
  2246 W16       ScriptPos $5EA26 PointerPos $5E990 PointerValue $E826
  2247 W16       ScriptPos $5EA26 PointerPos $5E992 PointerValue $E826
  2248 W16       ScriptPos $5EA26 PointerPos $5E994 PointerValue $E826
  2249 W16       ScriptPos $5EA26 PointerPos $5E996 PointerValue $E826
  2250 W16       ScriptPos $5EA26 PointerPos $5E998 PointerValue $E826
  2251 W16       ScriptPos $5EA26 PointerPos $5E99A PointerValue $E826
Biraku[X]
  2262 W16       ScriptPos $5EA6C PointerPos $5E99C PointerValue $E86C
  2263 W16       ScriptPos $5EA6C PointerPos $5E99E PointerValue $E86C
  2264 W16       ScriptPos $5EA6C PointerPos $5E9A0 PointerValue $E86C
  2265 W16       ScriptPos $5EA6C PointerPos $5E9FA PointerValue $E86C
  2266 W16       ScriptPos $5EA6C PointerPos $5E9FC PointerValue $E86C
  2267 W16       ScriptPos $5EA6C PointerPos $5EA1E PointerValue $E86C
  2268 W16       ScriptPos $5EA6C PointerPos $5EA20 PointerValue $E86C
  2269 W16       ScriptPos $5EA6C PointerPos $5EA22 PointerValue $E86C
Biraku[X]
  2274 W16       ScriptPos $5EA78 PointerPos $5E9A2 PointerValue $E878
Biraku[X]
  2282 W16       ScriptPos $5EA9C PointerPos $5E9A4 PointerValue $E89C
Biraku[X]
  2296 W16       ScriptPos $5EAF4 PointerPos $5E9A6 PointerValue $E8F4
Biraku[X]
  2310 W16       ScriptPos $5EB46 PointerPos $5E9A8 PointerValue $E946
Biraku[X]
  2324 W16       ScriptPos $5EBA4 PointerPos $5E9AA PointerValue $E9A4
Biraku[X]
  2338 W16       ScriptPos $5EBFC PointerPos $5E9AC PointerValue $E9FC
Biraku[X]
  2352 W16       ScriptPos $5EC52 PointerPos $5E9AE PointerValue $EA52
Biraku[X]
  2366 W16       ScriptPos $5ECA8 PointerPos $5E9B0 PointerValue $EAA8
Biraku[X]
  2380 W16       ScriptPos $5ED00 PointerPos $5E9B2 PointerValue $EB00
Biraku[X]
  2394 W16       ScriptPos $5ED54 PointerPos $5E9B4 PointerValue $EB54
Biraku[X]
  2408 W16       ScriptPos $5EDAA PointerPos $5E9B6 PointerValue $EBAA
Biraku[X]
  2422 W16       ScriptPos $5EE06 PointerPos $5E9B8 PointerValue $EC06
Biraku[X]
  2437 W16       ScriptPos $5EE64 PointerPos $5E9BA PointerValue $EC64
Biraku[X]
  2451 W16       ScriptPos $5EEB2 PointerPos $5E9BC PointerValue $ECB2
Biraku[X]
  2464 W16       ScriptPos $5EEF8 PointerPos $5E9BE PointerValue $ECF8
Biraku[X]
  2479 W16       ScriptPos $5EF52 PointerPos $5E9C0 PointerValue $ED52
Biraku[X]
  2494 W16       ScriptPos $5EFA8 PointerPos $5E9C2 PointerValue $EDA8
Biraku[X]
  2503 W16       ScriptPos $5EFE6 PointerPos $5E9C4 PointerValue $EDE6
Biraku[X]
  2517 W16       ScriptPos $5F03E PointerPos $5E9C6 PointerValue $EE3E
Biraku[X]
  2528 W16       ScriptPos $5F07C PointerPos $5E9C8 PointerValue $EE7C
Biraku[X]
  2538 W16       ScriptPos $5F0BE PointerPos $5E9CA PointerValue $EEBE
Biraku[X]
  2548 W16       ScriptPos $5F100 PointerPos $5E9CC PointerValue $EF00
  2556 W16       ScriptPos $5F100 PointerPos $5E9CE PointerValue $EF00
Biraku[X]
  2570 W16       ScriptPos $5F15A PointerPos $5E9D0 PointerValue $EF5A
Biraku[X]
  2581 W16       ScriptPos $5F19A PointerPos $5E9D2 PointerValue $EF9A
Biraku[X]
  2589 W16       ScriptPos $5F1C6 PointerPos $5E9D4 PointerValue $EFC6
Biraku[X]
  2595 W16       ScriptPos $5F1DC PointerPos $5E9D6 PointerValue $EFDC
  2603 W16       ScriptPos $5F1DC PointerPos $5E9D8 PointerValue $EFDC
Biraku[X]
  2611 W16       ScriptPos $5F202 PointerPos $5E9DA PointerValue $F002
Biraku[X]
  2619 W16       ScriptPos $5F21A PointerPos $5E9DC PointerValue $F01A
Biraku[X]
  2626 W16       ScriptPos $5F226 PointerPos $5E9DE PointerValue $F026
Biraku[X]
  2633 W16       ScriptPos $5F232 PointerPos $5E9E0 PointerValue $F032
Biraku[X]
  2640 W16       ScriptPos $5F23E PointerPos $5E9E2 PointerValue $F03E
Biraku[X]
  2647 W16       ScriptPos $5F24A PointerPos $5E9E4 PointerValue $F04A
Biraku[X]
  2655 W16       ScriptPos $5F256 PointerPos $5E9E6 PointerValue $F056
Biraku[X]
  2662 W16       ScriptPos $5F268 PointerPos $5E9E8 PointerValue $F068
Biraku[X]
  2669 W16       ScriptPos $5F276 PointerPos $5E9EA PointerValue $F076
Biraku[X]
  2676 W16       ScriptPos $5F284 PointerPos $5E9EC PointerValue $F084
Biraku[X]
  2685 W16       ScriptPos $5F2A6 PointerPos $5E9EE PointerValue $F0A6
Biraku[X]
  2695 W16       ScriptPos $5F2E4 PointerPos $5E9F0 PointerValue $F0E4
Biraku[X]
  2706 W16       ScriptPos $5F314 PointerPos $5E9F2 PointerValue $F114
Biraku[X]
  2716 W16       ScriptPos $5F338 PointerPos $5E9F4 PointerValue $F138
Biraku[X]
  2728 W16       ScriptPos $5F360 PointerPos $5E9F6 PointerValue $F160
Biraku[X]
  2739 W16       ScriptPos $5F380 PointerPos $5E9F8 PointerValue $F180
Biraku[X]
  2750 W16       ScriptPos $5F3AC PointerPos $5E9FE PointerValue $F1AC
Biraku[X]
  2761 W16       ScriptPos $5F3DE PointerPos $5EA00 PointerValue $F1DE
  2762 W16       ScriptPos $5F3DE PointerPos $5EA02 PointerValue $F1DE
  2763 W16       ScriptPos $5F3DE PointerPos $5EA04 PointerValue $F1DE
  2764 W16       ScriptPos $5F3DE PointerPos $5EA06 PointerValue $F1DE
  2765 W16       ScriptPos $5F3DE PointerPos $5EA08 PointerValue $F1DE
  2766 W16       ScriptPos $5F3DE PointerPos $5EA0A PointerValue $F1DE
  2767 W16       ScriptPos $5F3DE PointerPos $5EA0C PointerValue $F1DE
  2768 W16       ScriptPos $5F3DE PointerPos $5EA0E PointerValue $F1DE
  2769 W16       ScriptPos $5F3DE PointerPos $5EA10 PointerValue $F1DE
  2770 W16       ScriptPos $5F3DE PointerPos $5EA12 PointerValue $F1DE
  2771 W16       ScriptPos $5F3DE PointerPos $5EA14 PointerValue $F1DE
Biraku[X]
  2778 W16       ScriptPos $5F3F4 PointerPos $5EA16 PointerValue $F1F4
Biraku[X]
  2791 W16       ScriptPos $5F444 PointerPos $5EA18 PointerValue $F244
  2800 W16       ScriptPos $5F444 PointerPos $5EA1A PointerValue $F244
Biraku[X]
  2812 W16       ScriptPos $5F486 PointerPos $5EA1C PointerValue $F286
Biraku[X]
  2823 W16       ScriptPos $5F4B4 PointerPos $5EA24 PointerValue $F2B4
Biraku[X]
  2831 JMP       ROM Position is now $5F7D2 with max bound of $5FB35
  2835 W16       ScriptPos $5F7D2 PointerPos $5F68E PointerValue $F5D2
  2836 W16       ScriptPos $5F7D2 PointerPos $5F6A6 PointerValue $F5D2
Biraku[X]
  2845 W16       ScriptPos $5F7EC PointerPos $5F690 PointerValue $F5EC
  2846 W16       ScriptPos $5F7EC PointerPos $5F6A8 PointerValue $F5EC
Biraku[X]
  2855 W16       ScriptPos $5F804 PointerPos $5F692 PointerValue $F604
  2856 W16       ScriptPos $5F804 PointerPos $5F6AA PointerValue $F604
Biraku[X]
  2865 W16       ScriptPos $5F81E PointerPos $5F694 PointerValue $F61E
  2866 W16       ScriptPos $5F81E PointerPos $5F6AC PointerValue $F61E
Biraku[X]
  2875 W16       ScriptPos $5F83A PointerPos $5F696 PointerValue $F63A
  2876 W16       ScriptPos $5F83A PointerPos $5F6AE PointerValue $F63A
  2877 W16       ScriptPos $5F83A PointerPos $5F6BC PointerValue $F63A
Biraku[X]
  2886 W16       ScriptPos $5F856 PointerPos $5F698 PointerValue $F656
  2887 W16       ScriptPos $5F856 PointerPos $5F6B0 PointerValue $F656
  2888 W16       ScriptPos $5F856 PointerPos $5F6B6 PointerValue $F656
Biraku[X]
  2897 W16       ScriptPos $5F860 PointerPos $5F69A PointerValue $F660
  2898 W16       ScriptPos $5F860 PointerPos $5F6B2 PointerValue $F660
Biraku[X]
  2907 W16       ScriptPos $5F87E PointerPos $5F69C PointerValue $F67E
  2908 W16       ScriptPos $5F87E PointerPos $5F6B4 PointerValue $F67E
Biraku[X]
  2917 W16       ScriptPos $5F89C PointerPos $5F69E PointerValue $F69C
  2918 W16       ScriptPos $5F89C PointerPos $5F74C PointerValue $F69C
Biraku[X]
  2927 W16       ScriptPos $5F8BA PointerPos $5F6A0 PointerValue $F6BA
  2928 W16       ScriptPos $5F8BA PointerPos $5F74E PointerValue $F6BA
Biraku[X]
  2937 W16       ScriptPos $5F8D4 PointerPos $5F6A2 PointerValue $F6D4
Biraku[X]
  2946 W16       ScriptPos $5F8EA PointerPos $5F6A4 PointerValue $F6EA
Biraku[X]
  2955 W16       ScriptPos $5F906 PointerPos $5F6B8 PointerValue $F706
  2956 W16       ScriptPos $5F906 PointerPos $5F6BA PointerValue $F706
Biraku[X]
  2964 W16       ScriptPos $5F912 PointerPos $5F6BE PointerValue $F712
  2965 W16       ScriptPos $5F912 PointerPos $5F6EC PointerValue $F712
  2966 W16       ScriptPos $5F912 PointerPos $5F750 PointerValue $F712
Biraku[X]
  2977 W16       ScriptPos $5F92A PointerPos $5F6C0 PointerValue $F72A
  2978 W16       ScriptPos $5F92A PointerPos $5F6EA PointerValue $F72A
  2979 W16       ScriptPos $5F92A PointerPos $5F756 PointerValue $F72A
Biraku[X]
  2988 W16       ScriptPos $5F946 PointerPos $5F6C2 PointerValue $F746
  2989 W16       ScriptPos $5F946 PointerPos $5F6C4 PointerValue $F746
  2990 W16       ScriptPos $5F946 PointerPos $5F6C6 PointerValue $F746
  2991 W16       ScriptPos $5F946 PointerPos $5F6C8 PointerValue $F746
  2992 W16       ScriptPos $5F946 PointerPos $5F6CA PointerValue $F746
  2993 W16       ScriptPos $5F946 PointerPos $5F6CE PointerValue $F746
  2994 W16       ScriptPos $5F946 PointerPos $5F6D0 PointerValue $F746
  2995 W16       ScriptPos $5F946 PointerPos $5F7B0 PointerValue $F746
Biraku[X]
  3006 W16       ScriptPos $5F962 PointerPos $5F6CC PointerValue $F762
  3007 W16       ScriptPos $5F962 PointerPos $5F6D2 PointerValue $F762
  3008 W16       ScriptPos $5F962 PointerPos $5F6D4 PointerValue $F762
  3009 W16       ScriptPos $5F962 PointerPos $5F6D6 PointerValue $F762
  3010 W16       ScriptPos $5F962 PointerPos $5F6DC PointerValue $F762
  3011 W16       ScriptPos $5F962 PointerPos $5F6E2 PointerValue $F762
  3012 W16       ScriptPos $5F962 PointerPos $5F6E8 PointerValue $F762
  3013 W16       ScriptPos $5F962 PointerPos $5F6EE PointerValue $F762
  3014 W16       ScriptPos $5F962 PointerPos $5F6F4 PointerValue $F762
  3015 W16       ScriptPos $5F962 PointerPos $5F6FA PointerValue $F762
  3016 W16       ScriptPos $5F962 PointerPos $5F700 PointerValue $F762
  3017 W16       ScriptPos $5F962 PointerPos $5F706 PointerValue $F762
  3018 W16       ScriptPos $5F962 PointerPos $5F70C PointerValue $F762
  3019 W16       ScriptPos $5F962 PointerPos $5F712 PointerValue $F762
  3020 W16       ScriptPos $5F962 PointerPos $5F718 PointerValue $F762
  3021 W16       ScriptPos $5F962 PointerPos $5F71E PointerValue $F762
  3022 W16       ScriptPos $5F962 PointerPos $5F724 PointerValue $F762
  3023 W16       ScriptPos $5F962 PointerPos $5F72A PointerValue $F762
  3024 W16       ScriptPos $5F962 PointerPos $5F73E PointerValue $F762
  3025 W16       ScriptPos $5F962 PointerPos $5F7B2 PointerValue $F762
Biraku[X]
  3035 W16       ScriptPos $5F97C PointerPos $5F6D8 PointerValue $F77C
  3036 W16       ScriptPos $5F97C PointerPos $5F6DE PointerValue $F77C
  3037 W16       ScriptPos $5F97C PointerPos $5F6E4 PointerValue $F77C
  3038 W16       ScriptPos $5F97C PointerPos $5F6F0 PointerValue $F77C
  3039 W16       ScriptPos $5F97C PointerPos $5F6F6 PointerValue $F77C
  3040 W16       ScriptPos $5F97C PointerPos $5F6FC PointerValue $F77C
  3041 W16       ScriptPos $5F97C PointerPos $5F702 PointerValue $F77C
  3042 W16       ScriptPos $5F97C PointerPos $5F708 PointerValue $F77C
  3043 W16       ScriptPos $5F97C PointerPos $5F70E PointerValue $F77C
  3044 W16       ScriptPos $5F97C PointerPos $5F714 PointerValue $F77C
  3045 W16       ScriptPos $5F97C PointerPos $5F71A PointerValue $F77C
  3046 W16       ScriptPos $5F97C PointerPos $5F720 PointerValue $F77C
  3047 W16       ScriptPos $5F97C PointerPos $5F726 PointerValue $F77C
  3048 W16       ScriptPos $5F97C PointerPos $5F72C PointerValue $F77C
  3049 W16       ScriptPos $5F97C PointerPos $5F7B4 PointerValue $F77C
  3050 W16       ScriptPos $5F97C PointerPos $5F7C8 PointerValue $F77C
  3051 W16       ScriptPos $5F97C PointerPos $5F7CE PointerValue $F77C
Biraku[X]
  3060 W16       ScriptPos $5F998 PointerPos $5F6DA PointerValue $F798
  3061 W16       ScriptPos $5F998 PointerPos $5F6E0 PointerValue $F798
  3062 W16       ScriptPos $5F998 PointerPos $5F6E6 PointerValue $F798
  3063 W16       ScriptPos $5F998 PointerPos $5F6F2 PointerValue $F798
  3064 W16       ScriptPos $5F998 PointerPos $5F6F8 PointerValue $F798
  3065 W16       ScriptPos $5F998 PointerPos $5F6FE PointerValue $F798
  3066 W16       ScriptPos $5F998 PointerPos $5F704 PointerValue $F798
  3067 W16       ScriptPos $5F998 PointerPos $5F70A PointerValue $F798
  3068 W16       ScriptPos $5F998 PointerPos $5F710 PointerValue $F798
  3069 W16       ScriptPos $5F998 PointerPos $5F716 PointerValue $F798
  3070 W16       ScriptPos $5F998 PointerPos $5F71C PointerValue $F798
  3071 W16       ScriptPos $5F998 PointerPos $5F722 PointerValue $F798
  3072 W16       ScriptPos $5F998 PointerPos $5F728 PointerValue $F798
  3073 W16       ScriptPos $5F998 PointerPos $5F72E PointerValue $F798
  3074 W16       ScriptPos $5F998 PointerPos $5F7B6 PointerValue $F798
Biraku[X]
  3085 W16       ScriptPos $5F9B4 PointerPos $5F730 PointerValue $F7B4
  3086 W16       ScriptPos $5F9B4 PointerPos $5F732 PointerValue $F7B4
  3087 W16       ScriptPos $5F9B4 PointerPos $5F742 PointerValue $F7B4
  3088 W16       ScriptPos $5F9B4 PointerPos $5F744 PointerValue $F7B4
  3089 W16       ScriptPos $5F9B4 PointerPos $5F792 PointerValue $F7B4
  3090 W16       ScriptPos $5F9B4 PointerPos $5F794 PointerValue $F7B4
  3091 W16       ScriptPos $5F9B4 PointerPos $5F796 PointerValue $F7B4
  3092 W16       ScriptPos $5F9B4 PointerPos $5F798 PointerValue $F7B4
  3093 W16       ScriptPos $5F9B4 PointerPos $5F79A PointerValue $F7B4
  3094 W16       ScriptPos $5F9B4 PointerPos $5F79C PointerValue $F7B4
  3095 W16       ScriptPos $5F9B4 PointerPos $5F79E PointerValue $F7B4
  3096 W16       ScriptPos $5F9B4 PointerPos $5F7A0 PointerValue $F7B4
  3097 W16       ScriptPos $5F9B4 PointerPos $5F7A2 PointerValue $F7B4
  3098 W16       ScriptPos $5F9B4 PointerPos $5F7A4 PointerValue $F7B4
  3099 W16       ScriptPos $5F9B4 PointerPos $5F7A6 PointerValue $F7B4
  3100 W16       ScriptPos $5F9B4 PointerPos $5F7A8 PointerValue $F7B4
  3101 W16       ScriptPos $5F9B4 PointerPos $5F7AA PointerValue $F7B4
  3102 W16       ScriptPos $5F9B4 PointerPos $5F7AC PointerValue $F7B4
  3103 W16       ScriptPos $5F9B4 PointerPos $5F7BC PointerValue $F7B4
  3104 W16       ScriptPos $5F9B4 PointerPos $5F7BE PointerValue $F7B4
Biraku[X]
  3111 W16       ScriptPos $5F9C4 PointerPos $5F734 PointerValue $F7C4
  3112 W16       ScriptPos $5F9C4 PointerPos $5F73A PointerValue $F7C4
  3113 W16       ScriptPos $5F9C4 PointerPos $5F754 PointerValue $F7C4
Biraku[X]
  3122 W16       ScriptPos $5F9E0 PointerPos $5F736 PointerValue $F7E0
  3123 W16       ScriptPos $5F9E0 PointerPos $5F758 PointerValue $F7E0
  3124 W16       ScriptPos $5F9E0 PointerPos $5F75C PointerValue $F7E0
  3125 W16       ScriptPos $5F9E0 PointerPos $5F760 PointerValue $F7E0
  3126 W16       ScriptPos $5F9E0 PointerPos $5F764 PointerValue $F7E0
  3127 W16       ScriptPos $5F9E0 PointerPos $5F768 PointerValue $F7E0
  3128 W16       ScriptPos $5F9E0 PointerPos $5F76C PointerValue $F7E0
  3129 W16       ScriptPos $5F9E0 PointerPos $5F76E PointerValue $F7E0
  3130 W16       ScriptPos $5F9E0 PointerPos $5F770 PointerValue $F7E0
  3131 W16       ScriptPos $5F9E0 PointerPos $5F774 PointerValue $F7E0
  3132 W16       ScriptPos $5F9E0 PointerPos $5F778 PointerValue $F7E0
  3133 W16       ScriptPos $5F9E0 PointerPos $5F77C PointerValue $F7E0
  3134 W16       ScriptPos $5F9E0 PointerPos $5F780 PointerValue $F7E0
  3135 W16       ScriptPos $5F9E0 PointerPos $5F784 PointerValue $F7E0
  3136 W16       ScriptPos $5F9E0 PointerPos $5F788 PointerValue $F7E0
  3137 W16       ScriptPos $5F9E0 PointerPos $5F78C PointerValue $F7E0
  3138 W16       ScriptPos $5F9E0 PointerPos $5F790 PointerValue $F7E0
  3139 W16       ScriptPos $5F9E0 PointerPos $5F7B8 PointerValue $F7E0
  3140 W16       ScriptPos $5F9E0 PointerPos $5F7CA PointerValue $F7E0
Biraku[X]
  3149 W16       ScriptPos $5F9FA PointerPos $5F738 PointerValue $F7FA
  3150 W16       ScriptPos $5F9FA PointerPos $5F75E PointerValue $F7FA
  3151 W16       ScriptPos $5F9FA PointerPos $5F762 PointerValue $F7FA
  3152 W16       ScriptPos $5F9FA PointerPos $5F766 PointerValue $F7FA
  3153 W16       ScriptPos $5F9FA PointerPos $5F76A PointerValue $F7FA
  3154 W16       ScriptPos $5F9FA PointerPos $5F772 PointerValue $F7FA
  3155 W16       ScriptPos $5F9FA PointerPos $5F776 PointerValue $F7FA
  3156 W16       ScriptPos $5F9FA PointerPos $5F77A PointerValue $F7FA
  3157 W16       ScriptPos $5F9FA PointerPos $5F77E PointerValue $F7FA
  3158 W16       ScriptPos $5F9FA PointerPos $5F782 PointerValue $F7FA
  3159 W16       ScriptPos $5F9FA PointerPos $5F786 PointerValue $F7FA
  3160 W16       ScriptPos $5F9FA PointerPos $5F78A PointerValue $F7FA
  3161 W16       ScriptPos $5F9FA PointerPos $5F78E PointerValue $F7FA
  3162 W16       ScriptPos $5F9FA PointerPos $5F7AE PointerValue $F7FA
  3163 W16       ScriptPos $5F9FA PointerPos $5F7BA PointerValue $F7FA
Biraku[X]
  3174 W16       ScriptPos $5FA18 PointerPos $5F73C PointerValue $F818
Biraku[X]
  3183 W16       ScriptPos $5FA22 PointerPos $5F740 PointerValue $F822
Biraku[X]
  3191 W16       ScriptPos $5FA32 PointerPos $5F746 PointerValue $F832
  3192 W16       ScriptPos $5FA32 PointerPos $5F748 PointerValue $F832
Biraku[X]
  3201 W16       ScriptPos $5FA4E PointerPos $5F74A PointerValue $F84E
  3202 W16       ScriptPos $5FA4E PointerPos $5F75A PointerValue $F84E
Biraku[X]
  3211 W16       ScriptPos $5FA6A PointerPos $5F752 PointerValue $F86A
  3212 W16       ScriptPos $5FA6A PointerPos $5F7C4 PointerValue $F86A
Biraku[X]
  3221 W16       ScriptPos $5FA76 PointerPos $5F7C0 PointerValue $F876
Biraku[X]
  3232 W16       ScriptPos $5FA8E PointerPos $5F7C2 PointerValue $F88E
Biraku[X]
  3243 W16       ScriptPos $5FAA8 PointerPos $5F7C6 PointerValue $F8A8
Biraku[X]
  3251 W16       ScriptPos $5FAC2 PointerPos $5F7CC PointerValue $F8C2
Biraku[X]
  3261 W16       ScriptPos $5FAE0 PointerPos $5F7D0 PointerValue $F8E0
Biraku[X]
  3269 JMP       ROM Position is now $5B674 with max bound of $5B721
  3273 W16       ScriptPos $5B674 PointerPos $5B66A PointerValue $B474
Biraku[X]
  3279 W16       ScriptPos $5B680 PointerPos $5B66C PointerValue $B480
Biraku[X]
  3285 W16       ScriptPos $5B6A8 PointerPos $5B66E PointerValue $B4A8
Biraku[X]
  3292 W16       ScriptPos $5B6D0 PointerPos $5B670 PointerValue $B4D0
Biraku[X]
  3299 W16       ScriptPos $5B6F8 PointerPos $5B672 PointerValue $B4F8
Biraku[X]
  3306 JMP       ROM Position is now $5B754 with max bound of $5BE7B
  3310 W16       ScriptPos $5B754 PointerPos $5B722 PointerValue $B554
Biraku[X]
  3326 W16       ScriptPos $5B812 PointerPos $5B724 PointerValue $B612
Biraku[X]
  3336 W16       ScriptPos $5B8E4 PointerPos $5B726 PointerValue $B6E4
Biraku[X]
  3345 W16       ScriptPos $5B94C PointerPos $5B728 PointerValue $B74C
  3346 W16       ScriptPos $5B94C PointerPos $5B72A PointerValue $B74C
  3347 W16       ScriptPos $5B94C PointerPos $5B72C PointerValue $B74C
  3348 W16       ScriptPos $5B94C PointerPos $5B72E PointerValue $B74C
  3349 W16       ScriptPos $5B94C PointerPos $5B730 PointerValue $B74C
  3350 W16       ScriptPos $5B94C PointerPos $5B738 PointerValue $B74C
  3351 W16       ScriptPos $5B94C PointerPos $5B73A PointerValue $B74C
  3352 W16       ScriptPos $5B94C PointerPos $5B73C PointerValue $B74C
  3353 W16       ScriptPos $5B94C PointerPos $5B73E PointerValue $B74C
Biraku[X]
  3363 W16       ScriptPos $5B958 PointerPos $5B732 PointerValue $B758
Biraku[X]
  3371 W16       ScriptPos $5B994 PointerPos $5B734 PointerValue $B794
Biraku[X]
  3390 W16       ScriptPos $5BAAC PointerPos $5B736 PointerValue $B8AC
Biraku[X]
  3404 W16       ScriptPos $5BAE2 PointerPos $5B740 PointerValue $B8E2
Biraku[X]
  3415 W16       ScriptPos $5BBA2 PointerPos $5B742 PointerValue $B9A2
Biraku[X]
  3421 W16       ScriptPos $5BBB4 PointerPos $5B744 PointerValue $B9B4
Biraku[X]
  3427 W16       ScriptPos $5BBC8 PointerPos $5B746 PointerValue $B9C8
Biraku[X]
  3436 W16       ScriptPos $5BC22 PointerPos $5B748 PointerValue $BA22
Biraku[X]
  3442 W16       ScriptPos $5BC42 PointerPos $5B74A PointerValue $BA42
Biraku[X]
  3457 W16       ScriptPos $5BD0A PointerPos $5B74C PointerValue $BB0A
Biraku[X]
  3463 W16       ScriptPos $5BD26 PointerPos $5B74E PointerValue $BB26
Biraku[X]
  3471 W16       ScriptPos $5BD86 PointerPos $5B750 PointerValue $BB86
Biraku[X]
  3481 W16       ScriptPos $5BE44 PointerPos $5B752 PointerValue $BC44
Biraku[X]
  3490 JMP       ROM Position is now $5CBA8 with max bound of $5D235
  3494 W16       ScriptPos $5CBA8 PointerPos $5CB4E PointerValue $C9A8
Biraku[X]
  3501 W16       ScriptPos $5CBBE PointerPos $5CB50 PointerValue $C9BE
Biraku[X]
  3508 W16       ScriptPos $5CBE6 PointerPos $5CB52 PointerValue $C9E6
Biraku[X]
  3515 W16       ScriptPos $5CC0E PointerPos $5CB54 PointerValue $CA0E
Biraku[X]
  3523 W16       ScriptPos $5CC34 PointerPos $5CB56 PointerValue $CA34
Biraku[X]
  3531 W16       ScriptPos $5CC54 PointerPos $5CB58 PointerValue $CA54
Biraku[X]
  3538 W16       ScriptPos $5CC7C PointerPos $5CB5A PointerValue $CA7C
Biraku[X]
  3545 W16       ScriptPos $5CCA2 PointerPos $5CB5C PointerValue $CAA2
Biraku[X]
  3553 W16       ScriptPos $5CCD0 PointerPos $5CB5E PointerValue $CAD0
Biraku[X]
  3560 W16       ScriptPos $5CCF6 PointerPos $5CB60 PointerValue $CAF6
Biraku[X]
  3568 W16       ScriptPos $5CD1E PointerPos $5CB62 PointerValue $CB1E
Biraku[X]
  3575 W16       ScriptPos $5CD3A PointerPos $5CB64 PointerValue $CB3A
Biraku[X]
  3582 W16       ScriptPos $5CD64 PointerPos $5CB66 PointerValue $CB64
Biraku[X]
  3589 W16       ScriptPos $5CD8C PointerPos $5CB68 PointerValue $CB8C
Biraku[X]
  3596 W16       ScriptPos $5CDB2 PointerPos $5CB6A PointerValue $CBB2
Biraku[X]
  3603 W16       ScriptPos $5CDDC PointerPos $5CB6C PointerValue $CBDC
Biraku[X]
  3611 W16       ScriptPos $5CE06 PointerPos $5CB6E PointerValue $CC06
Biraku[X]
  3619 W16       ScriptPos $5CE2A PointerPos $5CB70 PointerValue $CC2A
Biraku[X]
  3626 W16       ScriptPos $5CE50 PointerPos $5CB72 PointerValue $CC50
Biraku[X]
  3634 W16       ScriptPos $5CE7C PointerPos $5CB74 PointerValue $CC7C
Biraku[X]
  3641 W16       ScriptPos $5CEA4 PointerPos $5CB76 PointerValue $CCA4
Biraku[X]
  3648 W16       ScriptPos $5CED2 PointerPos $5CB78 PointerValue $CCD2
Biraku[X]
  3655 W16       ScriptPos $5CEF6 PointerPos $5CB7A PointerValue $CCF6
Biraku[X]
  3662 W16       ScriptPos $5CF24 PointerPos $5CB7C PointerValue $CD24
Biraku[X]
  3669 W16       ScriptPos $5CF52 PointerPos $5CB7E PointerValue $CD52
Biraku[X]
  3677 W16       ScriptPos $5CF7A PointerPos $5CB80 PointerValue $CD7A
Biraku[X]
  3684 W16       ScriptPos $5CF9C PointerPos $5CB82 PointerValue $CD9C
Biraku[X]
  3691 W16       ScriptPos $5CFC0 PointerPos $5CB84 PointerValue $CDC0
Biraku[X]
  3698 W16       ScriptPos $5CFE6 PointerPos $5CB86 PointerValue $CDE6
Biraku[X]
  3705 W16       ScriptPos $5D00E PointerPos $5CB88 PointerValue $CE0E
Biraku[X]
  3713 W16       ScriptPos $5D034 PointerPos $5CB8A PointerValue $CE34
Biraku[X]
  3721 W16       ScriptPos $5D054 PointerPos $5CB8C PointerValue $CE54
Biraku[X]
  3729 W16       ScriptPos $5D078 PointerPos $5CB8E PointerValue $CE78
Biraku[X]
  3736 W16       ScriptPos $5D09E PointerPos $5CB90 PointerValue $CE9E
Biraku[X]
  3743 W16       ScriptPos $5D0C2 PointerPos $5CB92 PointerValue $CEC2
Biraku[X]
  3750 W16       ScriptPos $5D0F0 PointerPos $5CB94 PointerValue $CEF0
Biraku[X]
  3757 W16       ScriptPos $5D118 PointerPos $5CB96 PointerValue $CF18
Biraku[X]
  3765 W16       ScriptPos $5D142 PointerPos $5CB98 PointerValue $CF42
Biraku[X]
  3772 W16       ScriptPos $5D16A PointerPos $5CB9A PointerValue $CF6A
Biraku[X]
  3780 W16       ScriptPos $5D18E PointerPos $5CB9C PointerValue $CF8E
Biraku[X]
  3787 W16       ScriptPos $5D1BA PointerPos $5CB9E PointerValue $CFBA
Biraku[X]
  3795 W16       ScriptPos $5D1DE PointerPos $5CBA0 PointerValue $CFDE
Biraku[X]
  3802 W16       ScriptPos $5D206 PointerPos $5CBA2 PointerValue $D006
  3803 W16       ScriptPos $5D206 PointerPos $5CBA4 PointerValue $D006
  3804 W16       ScriptPos $5D206 PointerPos $5CBA6 PointerValue $D006
Biraku[X]
  3820 JMP       ROM Position is now $5D290 with max bound of $5D2F9
  3824 W16       ScriptPos $5D290 PointerPos $5D236 PointerValue $D090
Biraku[X]
  3830 W16       ScriptPos $5D29C PointerPos $5D238 PointerValue $D09C
  3831 W16       ScriptPos $5D29C PointerPos $5D23A PointerValue $D09C
  3832 W16       ScriptPos $5D29C PointerPos $5D23C PointerValue $D09C
  3833 W16       ScriptPos $5D29C PointerPos $5D23E PointerValue $D09C
  3834 W16       ScriptPos $5D29C PointerPos $5D242 PointerValue $D09C
  3835 W16       ScriptPos $5D29C PointerPos $5D244 PointerValue $D09C
  3836 W16       ScriptPos $5D29C PointerPos $5D246 PointerValue $D09C
  3837 W16       ScriptPos $5D29C PointerPos $5D248 PointerValue $D09C
  3838 W16       ScriptPos $5D29C PointerPos $5D24E PointerValue $D09C
  3839 W16       ScriptPos $5D29C PointerPos $5D250 PointerValue $D09C
  3840 W16       ScriptPos $5D29C PointerPos $5D256 PointerValue $D09C
  3841 W16       ScriptPos $5D29C PointerPos $5D258 PointerValue $D09C
  3842 W16       ScriptPos $5D29C PointerPos $5D25C PointerValue $D09C
  3843 W16       ScriptPos $5D29C PointerPos $5D260 PointerValue $D09C
  3844 W16       ScriptPos $5D29C PointerPos $5D262 PointerValue $D09C
  3845 W16       ScriptPos $5D29C PointerPos $5D264 PointerValue $D09C
  3846 W16       ScriptPos $5D29C PointerPos $5D266 PointerValue $D09C
  3847 W16       ScriptPos $5D29C PointerPos $5D268 PointerValue $D09C
  3848 W16       ScriptPos $5D29C PointerPos $5D26C PointerValue $D09C
  3849 W16       ScriptPos $5D29C PointerPos $5D26E PointerValue $D09C
  3850 W16       ScriptPos $5D29C PointerPos $5D270 PointerValue $D09C
  3851 W16       ScriptPos $5D29C PointerPos $5D274 PointerValue $D09C
  3852 W16       ScriptPos $5D29C PointerPos $5D276 PointerValue $D09C
  3853 W16       ScriptPos $5D29C PointerPos $5D278 PointerValue $D09C
  3854 W16       ScriptPos $5D29C PointerPos $5D27C PointerValue $D09C
  3855 W16       ScriptPos $5D29C PointerPos $5D282 PointerValue $D09C
  3856 W16       ScriptPos $5D29C PointerPos $5D284 PointerValue $D09C
  3857 W16       ScriptPos $5D29C PointerPos $5D288 PointerValue $D09C
Biraku[X]
  3863 W16       ScriptPos $5D2B2 PointerPos $5D240 PointerValue $D0B2
  3864 W16       ScriptPos $5D2B2 PointerPos $5D24A PointerValue $D0B2
  3865 W16       ScriptPos $5D2B2 PointerPos $5D24C PointerValue $D0B2
  3866 W16       ScriptPos $5D2B2 PointerPos $5D252 PointerValue $D0B2
  3867 W16       ScriptPos $5D2B2 PointerPos $5D254 PointerValue $D0B2
  3868 W16       ScriptPos $5D2B2 PointerPos $5D25A PointerValue $D0B2
  3869 W16       ScriptPos $5D2B2 PointerPos $5D25E PointerValue $D0B2
  3870 W16       ScriptPos $5D2B2 PointerPos $5D26A PointerValue $D0B2
  3871 W16       ScriptPos $5D2B2 PointerPos $5D272 PointerValue $D0B2
  3872 W16       ScriptPos $5D2B2 PointerPos $5D27A PointerValue $D0B2
  3873 W16       ScriptPos $5D2B2 PointerPos $5D27E PointerValue $D0B2
  3874 W16       ScriptPos $5D2B2 PointerPos $5D280 PointerValue $D0B2
  3875 W16       ScriptPos $5D2B2 PointerPos $5D286 PointerValue $D0B2
  3876 W16       ScriptPos $5D2B2 PointerPos $5D28A PointerValue $D0B2
  3877 W16       ScriptPos $5D2B2 PointerPos $5D28C PointerValue $D0B2
Biraku[X]
  3883 W16       ScriptPos $5D2CC PointerPos $5D28E PointerValue $D0CC
Biraku[X]
  3890 HDR       Header size is now $38200
  3891 JMP       ROM Position is now $4305B with max bound of $43582
  3895 W16       ScriptPos $4305B PointerPos $42FDB PointerValue $AE5B
Biraku[X]
  3902 W16       ScriptPos $43067 PointerPos $42FDD PointerValue $AE67
Biraku[X]
  3909 W16       ScriptPos $4307B PointerPos $42FDF PointerValue $AE7B
Biraku[X]
  3916 W16       ScriptPos $43091 PointerPos $42FE1 PointerValue $AE91
Biraku[X]
  3923 W16       ScriptPos $430A3 PointerPos $42FE3 PointerValue $AEA3
Biraku[X]
  3930 W16       ScriptPos $430B3 PointerPos $42FE5 PointerValue $AEB3
Biraku[X]
  3937 W16       ScriptPos $430B7 PointerPos $42FE7 PointerValue $AEB7
Biraku[X]
  3944 W16       ScriptPos $430BF PointerPos $42FE9 PointerValue $AEBF
Biraku[X]
  3951 W16       ScriptPos $430CD PointerPos $42FEB PointerValue $AECD
Biraku[X]
  3958 W16       ScriptPos $430DD PointerPos $42FED PointerValue $AEDD
Biraku[X]
  3965 W16       ScriptPos $430E9 PointerPos $42FEF PointerValue $AEE9
Biraku[X]
  3972 W16       ScriptPos $430F7 PointerPos $42FF1 PointerValue $AEF7
Biraku[X]
  3979 W16       ScriptPos $43105 PointerPos $42FF3 PointerValue $AF05
Biraku[X]
  3986 W16       ScriptPos $43113 PointerPos $42FF5 PointerValue $AF13
Biraku[X]
  3993 W16       ScriptPos $43117 PointerPos $42FF7 PointerValue $AF17
Biraku[X]
  4000 W16       ScriptPos $43123 PointerPos $42FF9 PointerValue $AF23
Biraku[X]
  4007 W16       ScriptPos $43131 PointerPos $42FFB PointerValue $AF31
Biraku[X]
  4014 W16       ScriptPos $43147 PointerPos $42FFD PointerValue $AF47
Biraku[X]
  4021 W16       ScriptPos $43153 PointerPos $42FFF PointerValue $AF53
Biraku[X]
  4028 W16       ScriptPos $43157 PointerPos $43001 PointerValue $AF57
Biraku[X]
  4035 W16       ScriptPos $43161 PointerPos $43003 PointerValue $AF61
Biraku[X]
  4042 W16       ScriptPos $4316B PointerPos $43005 PointerValue $AF6B
Biraku[X]
  4049 W16       ScriptPos $43175 PointerPos $43007 PointerValue $AF75
Biraku[X]
  4056 W16       ScriptPos $4317F PointerPos $43009 PointerValue $AF7F
Biraku[X]
  4063 W16       ScriptPos $43189 PointerPos $4300B PointerValue $AF89
Biraku[X]
  4070 W16       ScriptPos $43195 PointerPos $4300D PointerValue $AF95
Biraku[X]
  4077 W16       ScriptPos $4319F PointerPos $4300F PointerValue $AF9F
Biraku[X]
  4084 W16       ScriptPos $431AB PointerPos $43011 PointerValue $AFAB
Biraku[X]
  4091 W16       ScriptPos $431B3 PointerPos $43013 PointerValue $AFB3
Biraku[X]
  4098 W16       ScriptPos $431BD PointerPos $43015 PointerValue $AFBD
Biraku[X]
  4105 W16       ScriptPos $431C1 PointerPos $43017 PointerValue $AFC1
Biraku[X]
  4112 W16       ScriptPos $431CD PointerPos $43019 PointerValue $AFCD
Biraku[X]
  4119 W16       ScriptPos $431D1 PointerPos $4301B PointerValue $AFD1
Biraku[X]
  4127 W16       ScriptPos $431DF PointerPos $4301D PointerValue $AFDF
Biraku[X]
  4134 W16       ScriptPos $431E5 PointerPos $4301F PointerValue $AFE5
Biraku[X]
  4141 W16       ScriptPos $431EF PointerPos $43021 PointerValue $AFEF
Biraku[X]
  4148 W16       ScriptPos $431F1 PointerPos $43023 PointerValue $AFF1
Biraku[X]
  4155 W16       ScriptPos $431FD PointerPos $43025 PointerValue $AFFD
Biraku[X]
  4162 W16       ScriptPos $43211 PointerPos $43027 PointerValue $B011
Biraku[X]
  4169 W16       ScriptPos $43213 PointerPos $43029 PointerValue $B013
  4176 W16       ScriptPos $43213 PointerPos $4302B PointerValue $B013
Biraku[X]
  4183 W16       ScriptPos $43227 PointerPos $4302D PointerValue $B027
Biraku[X]
  4190 W16       ScriptPos $4323D PointerPos $4302F PointerValue $B03D
Biraku[X]
  4197 W16       ScriptPos $43249 PointerPos $43031 PointerValue $B049
Biraku[X]
  4204 W16       ScriptPos $43251 PointerPos $43033 PointerValue $B051
Biraku[X]
  4211 W16       ScriptPos $43265 PointerPos $43035 PointerValue $B065
Biraku[X]
  4217 W16       ScriptPos $4326D PointerPos $43037 PointerValue $B06D
Biraku[X]
  4224 W16       ScriptPos $43279 PointerPos $43039 PointerValue $B079
Biraku[X]
  4231 W16       ScriptPos $4328D PointerPos $4303B PointerValue $B08D
Biraku[X]
  4238 W16       ScriptPos $432AD PointerPos $4303D PointerValue $B0AD
Biraku[X]
  4245 W16       ScriptPos $432C1 PointerPos $4303F PointerValue $B0C1
Biraku[X]
  4252 W16       ScriptPos $432D1 PointerPos $43041 PointerValue $B0D1
Biraku[X]
  4259 W16       ScriptPos $432DB PointerPos $43043 PointerValue $B0DB
Biraku[X]
  4266 W16       ScriptPos $432F7 PointerPos $43045 PointerValue $B0F7
Biraku[X]
  4273 W16       ScriptPos $43303 PointerPos $43047 PointerValue $B103
Biraku[X]
  4280 W16       ScriptPos $4330F PointerPos $43049 PointerValue $B10F
Biraku[X]
  4287 W16       ScriptPos $4331B PointerPos $4304B PointerValue $B11B
Biraku[X]
  4294 W16       ScriptPos $4332B PointerPos $4304D PointerValue $B12B
Biraku[X]
  4301 W16       ScriptPos $43341 PointerPos $4304F PointerValue $B141
Biraku[X]
  4308 W16       ScriptPos $43353 PointerPos $43051 PointerValue $B153
Biraku[X]
  4315 W16       ScriptPos $43369 PointerPos $43053 PointerValue $B169
Biraku[X]
  4322 W16       ScriptPos $43389 PointerPos $43055 PointerValue $B189
Biraku[X]
  4329 W16       ScriptPos $4339D PointerPos $43057 PointerValue $B19D
Biraku[X]
  4336 W16       ScriptPos $433B5 PointerPos $43059 PointerValue $B1B5
Biraku[X]
